INFO: [SIM 2] *************** CSIM start ***************
INFO: [SIM 4] CSIM will launch GCC as the compiler.
   Compiling(apcc) ../../../../lec5Ex1_test_high.c in debug mode
INFO: [HLS 200-10] Running '/opt/Xilinx/Vivado/2020.1/bin/unwrapped/lnx64.o/apcc'
INFO: [HLS 200-10] For user 'emchavez' on host 'cmstrigger02.hep.wisc.edu' (Linux_x86_64 version 5.4.238-1.el7.elrepo.x86_64) on Thu Apr 13 16:06:24 CDT 2023
INFO: [HLS 200-10] On os "CentOS Linux release 7.9.2009 (Core)"
INFO: [HLS 200-10] In directory '/afs/hep.wisc.edu/user/emchavez/TAC-HEP-FPGA-HLS/lec5Ex2_high_part2/bob/csim/build'
INFO: [APCC 202-3] Tmp directory is /tmp/apcc_db_emchavez/329561681419984741737
INFO: [APCC 202-1] APCC is done.
   Compiling(apcc) ../../../../lec5Ex1_high.c in debug mode
INFO: [HLS 200-10] Running '/opt/Xilinx/Vivado/2020.1/bin/unwrapped/lnx64.o/apcc'
INFO: [HLS 200-10] For user 'emchavez' on host 'cmstrigger02.hep.wisc.edu' (Linux_x86_64 version 5.4.238-1.el7.elrepo.x86_64) on Thu Apr 13 16:06:35 CDT 2023
INFO: [HLS 200-10] On os "CentOS Linux release 7.9.2009 (Core)"
INFO: [HLS 200-10] In directory '/afs/hep.wisc.edu/user/emchavez/TAC-HEP-FPGA-HLS/lec5Ex2_high_part2/bob/csim/build'
INFO: [APCC 202-3] Tmp directory is /tmp/apcc_db_emchavez/331221681419995507127
INFO: [APCC 202-1] APCC is done.
   Generating csim.exe
Comparing against output data 
*******************************************
PASS: The output matches the reference output!
*******************************************
INFO: [SIM 1] CSim done with 0 errors.
INFO: [SIM 3] *************** CSIM finish ***************
