

================================================================
== Vivado HLS Report for 'lec5Ex1'
================================================================
* Date:           Thu Apr 13 16:46:05 2023

* Version:        2020.1 (Build 2897737 on Wed May 27 20:21:37 MDT 2020)
* Project:        lec5_part2_veryhigh
* Solution:       nikolai
* Product family: kintex7
* Target device:  xc7k160t-fbg484-2


================================================================
== Performance Estimates
================================================================
+ Timing: 
    * Summary: 
    +--------+----------+----------+------------+
    |  Clock |  Target  | Estimated| Uncertainty|
    +--------+----------+----------+------------+
    |ap_clk  | 10.00 ns | 7.756 ns |   1.25 ns  |
    +--------+----------+----------+------------+

+ Latency: 
    * Summary: 
    +---------+---------+----------+----------+-----+-----+---------+
    |  Latency (cycles) |  Latency (absolute) |  Interval | Pipeline|
    |   min   |   max   |    min   |    max   | min | max |   Type  |
    +---------+---------+----------+----------+-----+-----+---------+
    |      133|      133| 1.330 us | 1.330 us |  133|  133|   none  |
    +---------+---------+----------+----------+-----+-----+---------+

    + Detail: 
        * Instance: 
        N/A

        * Loop: 
        +----------+---------+---------+----------+-----------+-----------+------+----------+
        |          |  Latency (cycles) | Iteration|  Initiation Interval  | Trip |          |
        | Loop Name|   min   |   max   |  Latency |  achieved |   target  | Count| Pipelined|
        +----------+---------+---------+----------+-----------+-----------+------+----------+
        |- Loop    |      132|      132|         4|          -|          -|    33|    no    |
        +----------+---------+---------+----------+-----------+-----------+------+----------+



================================================================
== Utilization Estimates
================================================================
* Summary: 
+-----------------+---------+-------+--------+--------+-----+
|       Name      | BRAM_18K| DSP48E|   FF   |   LUT  | URAM|
+-----------------+---------+-------+--------+--------+-----+
|DSP              |        -|      -|       -|       -|    -|
|Expression       |        -|      3|       0|      86|    -|
|FIFO             |        -|      -|       -|       -|    -|
|Instance         |        -|      -|       -|       -|    -|
|Memory           |        1|      -|       0|       0|    0|
|Multiplexer      |        -|      -|       -|      95|    -|
|Register         |        -|      -|     148|       -|    -|
+-----------------+---------+-------+--------+--------+-----+
|Total            |        1|      3|     148|     181|    0|
+-----------------+---------+-------+--------+--------+-----+
|Available        |      650|    600|  202800|  101400|    0|
+-----------------+---------+-------+--------+--------+-----+
|Utilization (%)  |    ~0   |   ~0  |   ~0   |   ~0   |    0|
+-----------------+---------+-------+--------+--------+-----+

+ Detail: 
    * Instance: 
    N/A

    * DSP48E: 
    N/A

    * Memory: 
    +-------+-------------+---------+---+----+-----+------+-----+------+-------------+
    | Memory|    Module   | BRAM_18K| FF| LUT| URAM| Words| Bits| Banks| W*Bits*Banks|
    +-------+-------------+---------+---+----+-----+------+-----+------+-------------+
    |arr_U  |lec5Ex1_arr  |        1|  0|   0|    0|    33|   32|     1|         1056|
    +-------+-------------+---------+---+----+-----+------+-----+------+-------------+
    |Total  |             |        1|  0|   0|    0|    33|   32|     1|         1056|
    +-------+-------------+---------+---+----+-----+------+-----+------+-------------+

    * FIFO: 
    N/A

    * Expression: 
    +---------------------+----------+-------+---+----+------------+------------+
    |    Variable Name    | Operation| DSP48E| FF| LUT| Bitwidth P0| Bitwidth P1|
    +---------------------+----------+-------+---+----+------------+------------+
    |mul_ln23_fu_163_p2   |     *    |      3|  0|  21|          32|          32|
    |grp_fu_125_p2        |     +    |      0|  0|  15|           7|           2|
    |sum_fu_169_p2        |     +    |      0|  0|  39|          32|          32|
    |icmp_ln16_fu_144_p2  |   icmp   |      0|  0|  11|           7|           1|
    +---------------------+----------+-------+---+----+------------+------------+
    |Total                |          |      3|  0|  86|          78|          67|
    +---------------------+----------+-------+---+----+------------+------------+

    * Multiplexer: 
    +----------------+----+-----------+-----+-----------+
    |      Name      | LUT| Input Size| Bits| Total Bits|
    +----------------+----+-----------+-----+-----------+
    |ap_NS_fsm       |  25|          6|    1|          6|
    |arr_address0    |  17|          4|    6|         24|
    |arr_d0          |  13|          3|   32|         96|
    |data_0_reg_116  |   9|          2|   32|         64|
    |grp_fu_125_p0   |  13|          3|    7|         21|
    |i_0_reg_104     |   9|          2|    7|         14|
    |sum_0_reg_91    |   9|          2|   32|         64|
    +----------------+----+-----------+-----+-----------+
    |Total           |  95|         22|  117|        289|
    +----------------+----+-----------+-----+-----------+

    * Register: 
    +-------------------+----+----+-----+-----------+
    |        Name       | FF | LUT| Bits| Const Bits|
    +-------------------+----+----+-----+-----------+
    |ap_CS_fsm          |   5|   0|    5|          0|
    |data_0_reg_116     |  32|   0|   32|          0|
    |i_0_reg_104        |   7|   0|    7|          0|
    |i_reg_208          |   7|   0|    7|          0|
    |icmp_ln16_reg_189  |   1|   0|    1|          0|
    |mul_ln23_reg_213   |  32|   0|   32|          0|
    |sext_ln15_reg_180  |  32|   0|   32|          0|
    |sum_0_reg_91       |  32|   0|   32|          0|
    +-------------------+----+----+-----+-----------+
    |Total              | 148|   0|  148|          0|
    +-------------------+----+----+-----+-----------+



================================================================
== Interface
================================================================
* Summary: 
+------------+-----+-----+------------+--------------+--------------+
|  RTL Ports | Dir | Bits|  Protocol  | Source Object|    C Type    |
+------------+-----+-----+------------+--------------+--------------+
|ap_clk      |  in |    1| ap_ctrl_hs |    lec5Ex1   | return value |
|ap_rst      |  in |    1| ap_ctrl_hs |    lec5Ex1   | return value |
|ap_start    |  in |    1| ap_ctrl_hs |    lec5Ex1   | return value |
|ap_done     | out |    1| ap_ctrl_hs |    lec5Ex1   | return value |
|ap_idle     | out |    1| ap_ctrl_hs |    lec5Ex1   | return value |
|ap_ready    | out |    1| ap_ctrl_hs |    lec5Ex1   | return value |
|y           | out |   32|   ap_vld   |       y      |    pointer   |
|y_ap_vld    | out |    1|   ap_vld   |       y      |    pointer   |
|c_address0  | out |    6|  ap_memory |       c      |     array    |
|c_ce0       | out |    1|  ap_memory |       c      |     array    |
|c_q0        |  in |   32|  ap_memory |       c      |     array    |
|x           |  in |   32|   ap_none  |       x      |    scalar    |
+------------+-----+-----+------------+--------------+--------------+

